
Showing logs for build [32mcb-kubecd-bdd-gh-1582828804-pr-glsp2-1[0m stage [32mfrom-build-pack[0m and container [32mstep-credential-initializer-rcjgr[0m
{"level":"warn","ts":1582831022.1936991,"logger":"fallback-logger","caller":"logging/config.go:69","msg":"Fetch GitHub commit ID from kodata failed: \"ref: refs/heads/0.8.0-**-support-backwards-incompats\" is not a valid GitHub commit ID"}
{"level":"info","ts":1582831022.1944091,"logger":"fallback-logger","caller":"creds-init/main.go:40","msg":"Credentials initialized."}

Showing logs for build [32mcb-kubecd-bdd-gh-1582828804-pr-glsp2-1[0m stage [32mfrom-build-pack[0m and container [32mstep-working-dir-initializer-sq9bx[0m
{"level":"warn","ts":1582831023.2871013,"logger":"fallback-logger","caller":"logging/config.go:69","msg":"Fetch GitHub commit ID from kodata failed: open /var/run/ko/HEAD: no such file or directory"}
{"level":"info","ts":1582831023.2885017,"logger":"fallback-logger","caller":"bash/main.go:64","msg":"Successfully executed command \"sh -c mkdir -p /workspace/source\"; output "}

Showing logs for build [32mcb-kubecd-bdd-gh-1582828804-pr-glsp2-1[0m stage [32mfrom-build-pack[0m and container [32mstep-place-tools[0m

Showing logs for build [32mcb-kubecd-bdd-gh-1582828804-pr-glsp2-1[0m stage [32mfrom-build-pack[0m and container [32mstep-git-source-cb-kubecd-bdd-gh-1582828804-pr-glsp2-tqbb7[0m
{"level":"warn","ts":1582831029.4690692,"logger":"fallback-logger","caller":"logging/config.go:69","msg":"Fetch GitHub commit ID from kodata failed: \"ref: refs/heads/0.8.0-**-support-backwards-incompats\" is not a valid GitHub commit ID"}
{"level":"info","ts":1582831030.531968,"logger":"fallback-logger","caller":"git/git.go:103","msg":"Successfully cloned https://github.com/cb-kubecd/bdd-gh-1582828804.git @ master in path /workspace/source"}

Showing logs for build [32mcb-kubecd-bdd-gh-1582828804-pr-glsp2-1[0m stage [32mfrom-build-pack[0m and container [32mstep-git-merge[0m
Using SHAs from PULL_REFS=master:1dbc9af7bb87afa376f9d9bc4cd22f969f60875d,1:fdf15f520f55697476c50a20c817e11adba35ba8
DEBUG: LC_ALL=C JX_LOG_LEVEL=error git fetch origin --unshallow fdf15f520f55697476c50a20c817e11adba35ba8: 1dbc9af7bb87afa376f9d9bc4cd22f969f60875d:
DEBUG: ran git fetch --unshallow origin fdf15f520f55697476c50a20c817e11adba35ba8: 1dbc9af7bb87afa376f9d9bc4cd22f969f60875d: in 
DEBUG: LC_ALL=C JX_LOG_LEVEL=error git branch
DEBUG: LC_ALL=C JX_LOG_LEVEL=error git checkout master
DEBUG: ran git checkout master in 
DEBUG: LC_ALL=C JX_LOG_LEVEL=error git reset --hard 1dbc9af7bb87afa376f9d9bc4cd22f969f60875d
DEBUG: ran git reset --hard 1dbc9af7bb87afa376f9d9bc4cd22f969f60875d in 
DEBUG: LC_ALL=C JX_LOG_LEVEL=error git clean -fd .
DEBUG: ran clean --force -d . in 
DEBUG: LC_ALL=C JX_LOG_LEVEL=error git merge fdf15f520f55697476c50a20c817e11adba35ba8
DEBUG: ran git merge fdf15f520f55697476c50a20c817e11adba35ba8 in 
DEBUG: LC_ALL=C JX_LOG_LEVEL=error git log --format=%H%x1f%an%x1f%ae%x1f%cn%x1f%ce%x1f%s%n%b%x1e 1dbc9af7bb87afa376f9d9bc4cd22f969f60875d..HEAD
Merged SHA fdf15f520f55697476c50a20c817e11adba35ba8 with commit message 'My first PR commit' into base branch master

Showing logs for build [32mcb-kubecd-bdd-gh-1582828804-pr-glsp2-1[0m stage [32mfrom-build-pack[0m and container [32mstep-build-make-linux[0m
CGO_ENABLED=0 GOOS=linux GOARCH=amd64 GO15VENDOREXPERIMENT=1 go build -ldflags '' -o bin/bdd-gh-1582828804 main.go

Showing logs for build [32mcb-kubecd-bdd-gh-1582828804-pr-glsp2-1[0m stage [32mfrom-build-pack[0m and container [32mstep-build-container-build[0m
[36mINFO[0m[0000] No base image, nothing to extract            
[36mINFO[0m[0000] cmd: EXPOSE                                  
[36mINFO[0m[0000] Adding exposed port: 8080/tcp                
[36mINFO[0m[0000] Using files from context: [/workspace/source/bin] 
[36mINFO[0m[0000] Skipping unpacking as no commands require it. 
[36mINFO[0m[0000] Taking snapshot of full filesystem...        
[36mINFO[0m[0000] EXPOSE 8080                                  
[36mINFO[0m[0000] cmd: EXPOSE                                  
[36mINFO[0m[0000] Adding exposed port: 8080/tcp                
[36mINFO[0m[0000] No files changed in this command, skipping snapshotting. 
[36mINFO[0m[0000] ENTRYPOINT ["/bdd-gh-1582828804"]            
[36mINFO[0m[0000] No files changed in this command, skipping snapshotting. 
[36mINFO[0m[0000] Using files from context: [/workspace/source/bin] 
[36mINFO[0m[0000] COPY ./bin/ /                                
[36mINFO[0m[0000] Taking snapshot of files...                  
2020/02/27 19:17:37 pushed blob: sha256:91afb5a80e0bd45f93ec97afb56573b42634d745fc822586c8d625dbf79c4855
2020/02/27 19:17:38 pushed blob: sha256:db8ca4efddb0577f056fb5353dbb5bd028d21fdab2eb6b1417aa76f4c5003c6d
2020/02/27 19:17:40 gcr.io/jenkins-x-bdd3/bdd-gh-1582828804:0.0.0-SNAPSHOT-PR-1-1: digest: sha256:7c16eb66898f06dd01c0ed227889295855199ee67b1e0f0b2f4978b5aabd15a6 size: 428

Showing logs for build [32mcb-kubecd-bdd-gh-1582828804-pr-glsp2-1[0m stage [32mfrom-build-pack[0m and container [32mstep-postbuild-post-build[0m
no CVE provider running in the current ** namespace so skip adding image to be analysed

Showing logs for build [32mcb-kubecd-bdd-gh-1582828804-pr-glsp2-1[0m stage [32mfrom-build-pack[0m and container [32mstep-promote-make-preview[0m
sed -i -e "s/version:.*/version: 0.0.0-SNAPSHOT-PR-1-1/" Chart.yaml
sed -i -e "s/version:.*/version: 0.0.0-SNAPSHOT-PR-1-1/" ../*/Chart.yaml
sed -i -e "s|repository:.*|repository: gcr.io\/jenkins-x-bdd3\/bdd-gh-1582828804|" values.yaml
sed -i -e "s/tag:.*/tag: 0.0.0-SNAPSHOT-PR-1-1/" values.yaml
echo "  version: 0.0.0-SNAPSHOT-PR-1-1" >> requirements.yaml
** step helm build
WARNING: No $CHART_REPOSITORY defined so using the default value of: http://jenkins-x-chartmuseum:8080
Adding missing Helm repo: storage.googleapis.com https://storage.googleapis.com/chartmuseum.jenkins-x.io
WARNING: No secrets found on "helm/repos" due: reading the secret "helm/repos" from vault: no secret "helm/repos" not found in vault
Read credentials for https://storage.googleapis.com/chartmuseum.jenkins-x.io from vault helm/repos
Successfully added Helm repository storage.googleapis.com.
Adding missing Helm repo: jenkins-x-chartmuseum http://jenkins-x-chartmuseum:8080
WARNING: No secrets found on "helm/repos" due: reading the secret "helm/repos" from vault: no secret "helm/repos" not found in vault
Read credentials for http://jenkins-x-chartmuseum:8080 from vault helm/repos
Successfully added Helm repository jenkins-x-chartmuseum.
WARNING: No $CHART_REPOSITORY defined so using the default value of: http://jenkins-x-chartmuseum:8080
Adding missing Helm repo: chartmuseum.jenkins-x.io http://chartmuseum.jenkins-x.io
WARNING: No secrets found on "helm/repos" due: reading the secret "helm/repos" from vault: no secret "helm/repos" not found in vault
Read credentials for http://chartmuseum.jenkins-x.io from vault helm/repos
Successfully added Helm repository chartmuseum.jenkins-x.io.

Showing logs for build [32mcb-kubecd-bdd-gh-1582828804-pr-glsp2-1[0m stage [32mfrom-build-pack[0m and container [32mstep-promote-jx-preview[0m
Creating a preview
Created environment cb-kubecd-bdd-gh-1582828804-pr-1
Namespace **-cb-kubecd-bdd-gh-1582828804-pr-1 created 
expose:
  Annotations:
    helm.sh/hook: post-install,post-upgrade
    helm.sh/hook-delete-policy: hook-succeeded
  config:
    domain: 34.77.209.60.nip.io
    exposer: Ingress
    http: "true"
preview:
  image:
    repository: gcr.io/jenkins-x-bdd3/bdd-gh-1582828804
    tag: 0.0.0-SNAPSHOT-PR-1-1

Updating PipelineActivities cb-kubecd-bdd-gh-1582828804-pr-1-1 which has status Running
WARNING: preview application http://bdd-gh-1582828804.**-cb-kubecd-bdd-gh-1582828804-pr-1.34.77.209.60.nip.io not available, error was 503 503 Service Temporarily Unavailable, delaying for: 1.315405171s
Preview application is now available at: http://bdd-gh-1582828804.**-cb-kubecd-bdd-gh-1582828804-pr-1.34.77.209.60.nip.io
